<?xml version="1.0" encoding="UTF-8"?>
<!-- Generated by org.testng.reporters.JUnitReportReporter -->
<testsuite hostname="LAPTOP-C2DBQOGM" failures="0" tests="1" name="runners.TestNGrunner" time="12.072" errors="0" timestamp="2021-06-25T10:26:48 IST" skipped="0">
  <testcase classname="runners.TestNGrunner" name="runScenario" time="12.072"/>
  <system-out/>
</testsuite> <!-- runners.TestNGrunner -->
